<?xml version="1.0" encoding="UTF-8"?>
<!-- Generated by org.testng.reporters.JUnitXMLReporter -->
<testsuite ignored="0" hostname="MANIGUJJAR" failures="1" tests="2" name="Test" time="29.334" errors="0" timestamp="2020-12-23T15:46:04 PKT">
  <testcase classname="Smoke.Testclass" name="login" time="15.221"/>
  <testcase classname="Smoke.Testclass" name="verifylogin" time="14.053">
    <failure type="java.lang.AssertionError" message="expected [My Store] but found [My account - My Store]">
      <![CDATA[java.lang.AssertionError: expected [My Store] but found [My account - My Store]
at Smoke.Testclass.verifylogin(Testclass.java:35)
at java.base/java.util.ArrayList.forEach(ArrayList.java:1541)
... Removed 34 stack frames]]>
    </failure>
  </testcase> <!-- verifylogin -->
</testsuite> <!-- Test -->
