<?xml version="1.0" encoding="UTF-8"?>
<!-- Generated by org.testng.reporters.JUnitXMLReporter -->
<testsuite ignored="0" hostname="MANIGUJJAR" failures="1" tests="1" name="Test" time="14.139" errors="0" timestamp="2020-12-23T15:46:18 PKT">
  <testcase classname="sanity.sanity" name="verifylogin" time="14.133">
    <failure type="java.lang.AssertionError" message="expected [My Store] but found [My account - My Store]">
      <![CDATA[java.lang.AssertionError: expected [My Store] but found [My account - My Store]
at sanity.sanity.verifylogin(sanity.java:20)
at java.base/java.util.ArrayList.forEach(ArrayList.java:1541)
... Removed 34 stack frames]]>
    </failure>
  </testcase> <!-- verifylogin -->
</testsuite> <!-- Test -->
