<?xml version="1.0" encoding="UTF-8"?>
<testng-results ignored="0" total="1" passed="1" failed="0" skipped="0">
  <reporter-output>
  </reporter-output>
  <suite started-at="2021-01-01T08:53:22 PKT" name="Default suite" finished-at="2021-01-01T08:53:22 PKT" duration-ms="68">
    <groups>
    </groups>
    <test started-at="2021-01-01T08:53:22 PKT" name="Default test" finished-at="2021-01-01T08:53:22 PKT" duration-ms="68">
      <class name="RestAssuredProject.RestAssuredProject.Testapibuildin">
        <test-method signature="Test_1_Postmap()[pri:0, instance:RestAssuredProject.RestAssuredProject.Testapibuildin@5ab9e72c]" started-at="2021-01-01T08:53:22 PKT" name="Test_1_Postmap" finished-at="2021-01-01T08:53:22 PKT" duration-ms="20" status="PASS">
          <reporter-output>
          </reporter-output>
        </test-method> <!-- Test_1_Postmap -->
      </class> <!-- RestAssuredProject.RestAssuredProject.Testapibuildin -->
    </test> <!-- Default test -->
  </suite> <!-- Default suite -->
</testng-results>
