<?xml version="1.0" encoding="UTF-8"?>
<testng-results ignored="0" total="2" passed="2" failed="0" skipped="0">
  <reporter-output>
  </reporter-output>
  <suite started-at="2020-12-22T15:35:46 PKT" name="Suite" finished-at="2020-12-22T15:36:26 PKT" duration-ms="39657">
    <groups>
    </groups>
    <test started-at="2020-12-22T15:35:46 PKT" name="Test" finished-at="2020-12-22T15:36:26 PKT" duration-ms="39657">
      <class name="GridTest.TestNg">
        <test-method signature="setupforchrome()[pri:0, instance:GridTest.TestNg@60015ef5]" started-at="2020-12-22T15:35:46 PKT" name="setupforchrome" finished-at="2020-12-22T15:36:20 PKT" duration-ms="33764" status="PASS">
          <reporter-output>
          </reporter-output>
        </test-method> <!-- setupforchrome -->
        <test-method signature="setupforfire()[pri:0, instance:GridTest.TestNg@60015ef5]" started-at="2020-12-22T15:35:46 PKT" name="setupforfire" finished-at="2020-12-22T15:36:26 PKT" duration-ms="39583" status="PASS">
          <reporter-output>
          </reporter-output>
        </test-method> <!-- setupforfire -->
      </class> <!-- GridTest.TestNg -->
    </test> <!-- Test -->
  </suite> <!-- Suite -->
</testng-results>
