<?xml version="1.0" encoding="UTF-8"?>
<testng-results ignored="0" total="2" passed="2" failed="0" skipped="0">
  <reporter-output>
  </reporter-output>
  <suite started-at="2021-01-08T16:43:48 PKT" name="Suite" finished-at="2021-01-08T16:45:04 PKT" duration-ms="75584">
    <groups>
    </groups>
    <test started-at="2021-01-08T16:43:48 PKT" name="ChromeTest" finished-at="2021-01-08T16:44:19 PKT" duration-ms="31451">
      <class name="TestCases.LoginTest">
        <test-method is-config="true" signature="setup(java.lang.String)[pri:0, instance:TestCases.LoginTest@1356d4d4]" started-at="2021-01-08T16:43:48 PKT" name="setup" finished-at="2021-01-08T16:44:11 PKT" duration-ms="23187" status="PASS">
          <params>
            <param index="0">
              <value>
                <![CDATA[chrome]]>
              </value>
            </param>
          </params>
          <reporter-output>
          </reporter-output>
        </test-method> <!-- setup -->
        <test-method signature="login()[pri:0, instance:TestCases.LoginTest@1356d4d4]" started-at="2021-01-08T16:44:11 PKT" name="login" finished-at="2021-01-08T16:44:19 PKT" duration-ms="8000" status="PASS">
          <reporter-output>
          </reporter-output>
        </test-method> <!-- login -->
        <test-method is-config="true" signature="teardown()[pri:0, instance:TestCases.LoginTest@1356d4d4]" started-at="2021-01-08T16:44:19 PKT" name="teardown" finished-at="2021-01-08T16:44:19 PKT" duration-ms="172" status="PASS">
          <reporter-output>
          </reporter-output>
        </test-method> <!-- teardown -->
      </class> <!-- TestCases.LoginTest -->
    </test> <!-- ChromeTest -->
    <test started-at="2021-01-08T16:44:20 PKT" name="FirefoxTest" finished-at="2021-01-08T16:45:04 PKT" duration-ms="43924">
      <class name="TestCases.LoginTest">
        <test-method is-config="true" signature="setup(java.lang.String)[pri:0, instance:TestCases.LoginTest@4da4253]" started-at="2021-01-08T16:44:20 PKT" name="setup" finished-at="2021-01-08T16:44:57 PKT" duration-ms="37102" status="PASS">
          <params>
            <param index="0">
              <value>
                <![CDATA[firefox]]>
              </value>
            </param>
          </params>
          <reporter-output>
          </reporter-output>
        </test-method> <!-- setup -->
        <test-method signature="login()[pri:0, instance:TestCases.LoginTest@4da4253]" started-at="2021-01-08T16:44:57 PKT" name="login" finished-at="2021-01-08T16:45:01 PKT" duration-ms="4071" status="PASS">
          <reporter-output>
          </reporter-output>
        </test-method> <!-- login -->
        <test-method is-config="true" signature="teardown()[pri:0, instance:TestCases.LoginTest@4da4253]" started-at="2021-01-08T16:45:01 PKT" name="teardown" finished-at="2021-01-08T16:45:04 PKT" duration-ms="2741" status="PASS">
          <reporter-output>
          </reporter-output>
        </test-method> <!-- teardown -->
      </class> <!-- TestCases.LoginTest -->
    </test> <!-- FirefoxTest -->
  </suite> <!-- Suite -->
</testng-results>
