<?xml version="1.0" encoding="UTF-8"?>
<!-- Generated by org.testng.reporters.JUnitXMLReporter -->
<testsuite ignored="0" hostname="MANIGUJJAR" failures="1" tests="2" name="Test(failed)" time="31.89" errors="0" timestamp="2020-12-22T18:03:49 PKT">
  <testcase classname="Smoke.Testclass" name="verifylogin" time="17.376">
    <failure type="java.lang.AssertionError" message="expected [My Store] but found [My account - My Store]">
      <![CDATA[java.lang.AssertionError: expected [My Store] but found [My account - My Store]
at Smoke.Testclass.verifylogin(Testclass.java:35)
at java.base/java.util.ArrayList.forEach(ArrayList.java:1541)
... Removed 33 stack frames]]>
    </failure>
  </testcase> <!-- verifylogin -->
  <testcase classname="Smoke.Testclass" name="login" time="14.451"/>
</testsuite> <!-- Test(failed) -->
